{"total": {"lines":{"total":373,"covered":341,"skipped":0,"pct":91.42},"statements":{"total":386,"covered":348,"skipped":0,"pct":90.15},"functions":{"total":77,"covered":63,"skipped":0,"pct":81.81},"branches":{"total":110,"covered":75,"skipped":0,"pct":68.18},"branchesTrue":{"total":0,"covered":0,"skipped":0,"pct":100}}
,"/home/zack/byu/qa/jwt-pizza-service/src/config.js": {"lines":{"total":1,"covered":1,"skipped":0,"pct":100},"functions":{"total":0,"covered":0,"skipped":0,"pct":100},"statements":{"total":1,"covered":1,"skipped":0,"pct":100},"branches":{"total":0,"covered":0,"skipped":0,"pct":100}}
,"/home/zack/byu/qa/jwt-pizza-service/src/endpointHelper.js": {"lines":{"total":5,"covered":5,"skipped":0,"pct":100},"functions":{"total":3,"covered":3,"skipped":0,"pct":100},"statements":{"total":6,"covered":6,"skipped":0,"pct":100},"branches":{"total":0,"covered":0,"skipped":0,"pct":100}}
,"/home/zack/byu/qa/jwt-pizza-service/src/logging.js": {"lines":{"total":46,"covered":42,"skipped":0,"pct":91.3},"functions":{"total":12,"covered":10,"skipped":0,"pct":83.33},"statements":{"total":50,"covered":43,"skipped":0,"pct":86},"branches":{"total":10,"covered":6,"skipped":0,"pct":60}}
,"/home/zack/byu/qa/jwt-pizza-service/src/metrics.js": {"lines":{"total":98,"covered":89,"skipped":0,"pct":90.81},"functions":{"total":24,"covered":21,"skipped":0,"pct":87.5},"statements":{"total":101,"covered":91,"skipped":0,"pct":90.09},"branches":{"total":47,"covered":33,"skipped":0,"pct":70.21}}
,"/home/zack/byu/qa/jwt-pizza-service/src/service.js": {"lines":{"total":44,"covered":39,"skipped":0,"pct":88.63},"functions":{"total":6,"covered":2,"skipped":0,"pct":33.33},"statements":{"total":44,"covered":39,"skipped":0,"pct":88.63},"branches":{"total":6,"covered":4,"skipped":0,"pct":66.66}}
,"/home/zack/byu/qa/jwt-pizza-service/src/routes/authRouter.js": {"lines":{"total":58,"covered":53,"skipped":0,"pct":91.37},"functions":{"total":10,"covered":10,"skipped":0,"pct":100},"statements":{"total":60,"covered":55,"skipped":0,"pct":91.66},"branches":{"total":15,"covered":13,"skipped":0,"pct":86.66}}
,"/home/zack/byu/qa/jwt-pizza-service/src/routes/franchiseRouter.js": {"lines":{"total":39,"covered":37,"skipped":0,"pct":94.87},"functions":{"total":8,"covered":6,"skipped":0,"pct":75},"statements":{"total":41,"covered":37,"skipped":0,"pct":90.24},"branches":{"total":16,"covered":10,"skipped":0,"pct":62.5}}
,"/home/zack/byu/qa/jwt-pizza-service/src/routes/orderRouter.js": {"lines":{"total":39,"covered":35,"skipped":0,"pct":89.74},"functions":{"total":6,"covered":5,"skipped":0,"pct":83.33},"statements":{"total":40,"covered":36,"skipped":0,"pct":90},"branches":{"total":12,"covered":6,"skipped":0,"pct":50}}
,"/home/zack/byu/qa/jwt-pizza-service/src/routes/testUtils.js": {"lines":{"total":20,"covered":20,"skipped":0,"pct":100},"functions":{"total":4,"covered":4,"skipped":0,"pct":100},"statements":{"total":20,"covered":20,"skipped":0,"pct":100},"branches":{"total":0,"covered":0,"skipped":0,"pct":100}}
,"/home/zack/byu/qa/jwt-pizza-service/src/routes/userRouter.js": {"lines":{"total":23,"covered":20,"skipped":0,"pct":86.95},"functions":{"total":4,"covered":2,"skipped":0,"pct":50},"statements":{"total":23,"covered":20,"skipped":0,"pct":86.95},"branches":{"total":4,"covered":3,"skipped":0,"pct":75}}
}
