{"total": {"lines":{"total":315,"covered":289,"skipped":0,"pct":91.74},"statements":{"total":324,"covered":295,"skipped":0,"pct":91.04},"functions":{"total":63,"covered":52,"skipped":0,"pct":82.53},"branches":{"total":98,"covered":67,"skipped":0,"pct":68.36},"branchesTrue":{"total":0,"covered":0,"skipped":0,"pct":100}}
,"/home/zack/byu/qa/jwt-pizza-service/src/config.js": {"lines":{"total":1,"covered":1,"skipped":0,"pct":100},"functions":{"total":0,"covered":0,"skipped":0,"pct":100},"statements":{"total":1,"covered":1,"skipped":0,"pct":100},"branches":{"total":0,"covered":0,"skipped":0,"pct":100}}
,"/home/zack/byu/qa/jwt-pizza-service/src/endpointHelper.js": {"lines":{"total":5,"covered":5,"skipped":0,"pct":100},"functions":{"total":3,"covered":3,"skipped":0,"pct":100},"statements":{"total":6,"covered":6,"skipped":0,"pct":100},"branches":{"total":0,"covered":0,"skipped":0,"pct":100}}
,"/home/zack/byu/qa/jwt-pizza-service/src/metrics.js": {"lines":{"total":98,"covered":89,"skipped":0,"pct":90.81},"functions":{"total":24,"covered":21,"skipped":0,"pct":87.5},"statements":{"total":101,"covered":91,"skipped":0,"pct":90.09},"branches":{"total":47,"covered":32,"skipped":0,"pct":68.08}}
,"/home/zack/byu/qa/jwt-pizza-service/src/service.js": {"lines":{"total":36,"covered":33,"skipped":0,"pct":91.66},"functions":{"total":5,"covered":2,"skipped":0,"pct":40},"statements":{"total":36,"covered":33,"skipped":0,"pct":91.66},"branches":{"total":4,"covered":3,"skipped":0,"pct":75}}
,"/home/zack/byu/qa/jwt-pizza-service/src/routes/authRouter.js": {"lines":{"total":58,"covered":53,"skipped":0,"pct":91.37},"functions":{"total":10,"covered":10,"skipped":0,"pct":100},"statements":{"total":60,"covered":55,"skipped":0,"pct":91.66},"branches":{"total":15,"covered":13,"skipped":0,"pct":86.66}}
,"/home/zack/byu/qa/jwt-pizza-service/src/routes/franchiseRouter.js": {"lines":{"total":39,"covered":37,"skipped":0,"pct":94.87},"functions":{"total":8,"covered":6,"skipped":0,"pct":75},"statements":{"total":41,"covered":37,"skipped":0,"pct":90.24},"branches":{"total":16,"covered":10,"skipped":0,"pct":62.5}}
,"/home/zack/byu/qa/jwt-pizza-service/src/routes/orderRouter.js": {"lines":{"total":35,"covered":31,"skipped":0,"pct":88.57},"functions":{"total":5,"covered":4,"skipped":0,"pct":80},"statements":{"total":36,"covered":32,"skipped":0,"pct":88.88},"branches":{"total":12,"covered":6,"skipped":0,"pct":50}}
,"/home/zack/byu/qa/jwt-pizza-service/src/routes/testUtils.js": {"lines":{"total":20,"covered":20,"skipped":0,"pct":100},"functions":{"total":4,"covered":4,"skipped":0,"pct":100},"statements":{"total":20,"covered":20,"skipped":0,"pct":100},"branches":{"total":0,"covered":0,"skipped":0,"pct":100}}
,"/home/zack/byu/qa/jwt-pizza-service/src/routes/userRouter.js": {"lines":{"total":23,"covered":20,"skipped":0,"pct":86.95},"functions":{"total":4,"covered":2,"skipped":0,"pct":50},"statements":{"total":23,"covered":20,"skipped":0,"pct":86.95},"branches":{"total":4,"covered":3,"skipped":0,"pct":75}}
}
